<?xml version="1.0" encoding="UTF-8"?>
<testsuite name="TestSuite" time="30.933" tests="2" errors="0" skipped="0" failures="1">
  <properties>
    <property name="java.runtime.name" value="Java(TM) SE Runtime Environment"/>
    <property name="sun.boot.library.path" value="C:\Program Files\Java\jdk1.8.0_40\jre\bin"/>
    <property name="java.vm.version" value="25.40-b25"/>
    <property name="java.vm.vendor" value="Oracle Corporation"/>
    <property name="maven.multiModuleProjectDirectory" value="C:\Users\1\Мои документы\Курс_SELENIUM\repo_in_git\se_java_galeta"/>
    <property name="java.vendor.url" value="http://java.oracle.com/"/>
    <property name="path.separator" value=";"/>
    <property name="guice.disable.misplaced.annotation.check" value="true"/>
    <property name="java.vm.name" value="Java HotSpot(TM) 64-Bit Server VM"/>
    <property name="file.encoding.pkg" value="sun.io"/>
    <property name="user.script" value=""/>
    <property name="user.country" value="RU"/>
    <property name="sun.java.launcher" value="SUN_STANDARD"/>
    <property name="sun.os.patch.level" value=""/>
    <property name="java.vm.specification.name" value="Java Virtual Machine Specification"/>
    <property name="user.dir" value="C:\Users\1\Мои документы\Курс_SELENIUM\repo_in_git\se_java_galeta"/>
    <property name="java.runtime.version" value="1.8.0_40-b25"/>
    <property name="java.awt.graphicsenv" value="sun.awt.Win32GraphicsEnvironment"/>
    <property name="java.endorsed.dirs" value="C:\Program Files\Java\jdk1.8.0_40\jre\lib\endorsed"/>
    <property name="os.arch" value="amd64"/>
    <property name="java.io.tmpdir" value="C:\Users\1\AppData\Local\Temp\"/>
    <property name="line.separator" value="&#10;"/>
    <property name="java.vm.specification.vendor" value="Oracle Corporation"/>
    <property name="user.variant" value=""/>
    <property name="os.name" value="Windows 8.1"/>
    <property name="classworlds.conf" value="C:\Program Files\Maven\bin\m2.conf"/>
    <property name="sun.jnu.encoding" value="Cp1251"/>
    <property name="java.library.path" value="C:\Program Files\Java\jdk1.8.0_40\bin;C:\Windows\Sun\Java\bin;C:\Windows\system32;C:\Windows;C:\Program Files (x86)\Git\git-cheetah\..\bin;C:\Program Files (x86)\NVIDIA Corporation\PhysX\Common;C:\Program Files (x86)\Intel\iCLS Client\;C:\Program Files\Intel\iCLS Client\;C:\Windows\system32;C:\Windows;C:\Windows\System32\Wbem;C:\Windows\System32\WindowsPowerShell\v1.0\;C:\Program Files\Intel\Intel(R) Management Engine Components\DAL;C:\Program Files\Intel\Intel(R) Management Engine Components\IPT;C:\Program Files (x86)\Intel\Intel(R) Management Engine Components\DAL;C:\Program Files (x86)\Intel\Intel(R) Management Engine Components\IPT;C:\Program Files\OpenVPN\bin;&quot;C:\Program Files\Java\jdk1.8.0_40\bin&quot;;C:\Program Files\Maven\\bin;C:\Program Files (x86)\Skype\Phone\;C:\Tools;."/>
    <property name="java.specification.name" value="Java Platform API Specification"/>
    <property name="java.class.version" value="52.0"/>
    <property name="sun.management.compiler" value="HotSpot 64-Bit Tiered Compilers"/>
    <property name="os.version" value="6.3"/>
    <property name="user.home" value="C:\Users\1"/>
    <property name="user.timezone" value="Europe/Paris"/>
    <property name="java.awt.printerjob" value="sun.awt.windows.WPrinterJob"/>
    <property name="java.specification.version" value="1.8"/>
    <property name="file.encoding" value="Cp1251"/>
    <property name="user.name" value="1"/>
    <property name="java.class.path" value="C:\Program Files\Maven\boot\plexus-classworlds-2.5.2.jar"/>
    <property name="java.vm.specification.version" value="1.8"/>
    <property name="sun.arch.data.model" value="64"/>
    <property name="java.home" value="C:\Program Files\Java\jdk1.8.0_40\jre"/>
    <property name="sun.java.command" value="org.codehaus.plexus.classworlds.launcher.Launcher test -P chrome_local"/>
    <property name="java.specification.vendor" value="Oracle Corporation"/>
    <property name="user.language" value="ru"/>
    <property name="awt.toolkit" value="sun.awt.windows.WToolkit"/>
    <property name="java.vm.info" value="mixed mode"/>
    <property name="java.version" value="1.8.0_40"/>
    <property name="java.ext.dirs" value="C:\Program Files\Java\jdk1.8.0_40\jre\lib\ext;C:\Windows\Sun\Java\lib\ext"/>
    <property name="sun.boot.class.path" value="C:\Program Files\Java\jdk1.8.0_40\jre\lib\resources.jar;C:\Program Files\Java\jdk1.8.0_40\jre\lib\rt.jar;C:\Program Files\Java\jdk1.8.0_40\jre\lib\sunrsasign.jar;C:\Program Files\Java\jdk1.8.0_40\jre\lib\jsse.jar;C:\Program Files\Java\jdk1.8.0_40\jre\lib\jce.jar;C:\Program Files\Java\jdk1.8.0_40\jre\lib\charsets.jar;C:\Program Files\Java\jdk1.8.0_40\jre\lib\jfr.jar;C:\Program Files\Java\jdk1.8.0_40\jre\classes"/>
    <property name="sun.stderr.encoding" value="cp866"/>
    <property name="java.vendor" value="Oracle Corporation"/>
    <property name="maven.home" value="C:\Program Files\Maven"/>
    <property name="file.separator" value="\"/>
    <property name="java.vendor.url.bug" value="http://bugreport.sun.com/bugreport/"/>
    <property name="sun.cpu.endian" value="little"/>
    <property name="sun.io.unicode.encoding" value="UnicodeLittle"/>
    <property name="sun.stdout.encoding" value="cp866"/>
    <property name="sun.desktop" value="windows"/>
    <property name="sun.cpu.isalist" value="amd64"/>
  </properties>
  <testcase name="Test1" classname="galetaGroup.LoginTest" time="0.749"/>
  <testcase name="Test2" classname="galetaGroup.addMovieTest" time="30.184">
    <failure message="Unable to locate element with ID: username&#10;For documentation on this error, please visit: http://seleniumhq.org/exceptions/no_such_element.html&#10;Build info: version: &apos;2.45.0&apos;, revision: &apos;5017cb8e7ca8e37638dc3091b2440b90a1d8686f&apos;, time: &apos;2015-02-27 09:10:26&apos;&#10;System info: host: &apos;Natalya&apos;, ip: &apos;192.168.1.10&apos;, os.name: &apos;Windows 8.1&apos;, os.arch: &apos;amd64&apos;, os.version: &apos;6.3&apos;, java.version: &apos;1.8.0_40&apos;&#10;Driver info: driver.version: HtmlUnitDriver" type="org.openqa.selenium.NoSuchElementException">org.openqa.selenium.NoSuchElementException: Unable to locate element with ID: username
For documentation on this error, please visit: http://seleniumhq.org/exceptions/no_such_element.html
Build info: version: '2.45.0', revision: '5017cb8e7ca8e37638dc3091b2440b90a1d8686f', time: '2015-02-27 09:10:26'
System info: host: 'Natalya', ip: '192.168.1.10', os.name: 'Windows 8.1', os.arch: 'amd64', os.version: '6.3', java.version: '1.8.0_40'
Driver info: driver.version: HtmlUnitDriver
	at org.openqa.selenium.htmlunit.HtmlUnitDriver.findElementById(HtmlUnitDriver.java:960)
	at org.openqa.selenium.By$ById.findElement(By.java:214)
	at org.openqa.selenium.htmlunit.HtmlUnitDriver$5.call(HtmlUnitDriver.java:1648)
	at org.openqa.selenium.htmlunit.HtmlUnitDriver$5.call(HtmlUnitDriver.java:1644)
	at org.openqa.selenium.htmlunit.HtmlUnitDriver.implicitlyWaitFor(HtmlUnitDriver.java:1302)
	at org.openqa.selenium.htmlunit.HtmlUnitDriver.findElement(HtmlUnitDriver.java:1644)
	at org.openqa.selenium.htmlunit.HtmlUnitDriver.findElement(HtmlUnitDriver.java:550)
	at galetaGroup.addMovieTest.Test2(addMovieTest.java:23)
</failure>
  </testcase>
</testsuite>