<?xml version="1.0" encoding="UTF-8"?>
<!-- Generated by org.testng.reporters.JUnitReportReporter -->
<testsuite hostname="Natalya" name="galetaGroup.addMovieTest" tests="1" failures="0" timestamp="16 Apr 2015 16:50:07 GMT" time="5.106" errors="0">
  <testcase name="Test2" time="5.106" classname="galetaGroup.addMovieTest"/>
</testsuite> <!-- galetaGroup.addMovieTest -->
