<?xml version="1.0" encoding="UTF-8"?>
<!-- Generated by org.testng.reporters.JUnitReportReporter -->
<testsuite hostname="Natalya" name="galetaGroup.LoginTest" tests="1" failures="0" timestamp="16 Apr 2015 10:25:01 GMT" time="1.341" errors="0">
  <testcase name="Test1" time="1.341" classname="galetaGroup.LoginTest"/>
</testsuite> <!-- galetaGroup.LoginTest -->
