<?xml version="1.0" encoding="UTF-8"?>
<!-- Generated by org.testng.reporters.JUnitReportReporter -->
<testsuite hostname="Natalya" name="galetaGroup.addMovieTest" tests="1" failures="0" timestamp="16 Apr 2015 09:22:16 GMT" time="17.234" errors="0">
  <testcase name="Test2" time="17.234" classname="galetaGroup.addMovieTest"/>
</testsuite> <!-- galetaGroup.addMovieTest -->
