<?xml version="1.0" encoding="UTF-8"?>
<!-- Generated by org.testng.reporters.JUnitReportReporter -->
<testsuite hostname="Natalya" name="galetaGroup.LoginTest" tests="1" failures="1" timestamp="16 Apr 2015 11:47:36 GMT" time="0.001" errors="0">
  <testcase name="Test1" time="0.001" classname="galetaGroup.LoginTest">
    <failure type="org.openqa.selenium.WebDriverException" message="java.net.MalformedURLException: no protocol: ${site.url}/php4dvd/
Build info: version: &#039;2.45.0&#039;, revision: &#039;5017cb8e7ca8e37638dc3091b2440b90a1d8686f&#039;, time: &#039;2015-02-27 09:10:26&#039;
System info: host: &#039;Natalya&#039;, ip: &#039;192.168.1.10&#039;, os.name: &#039;Windows 8.1&#039;, os.arch: &#039;amd64&#039;, os.version: &#039;6.3&#039;, java.version: &#039;1.8.0_40&#039;
Driver info: driver.version: HtmlUnitDriver">
      <![CDATA[org.openqa.selenium.WebDriverException: java.net.MalformedURLException: no protocol: ${site.url}/php4dvd/
Build info: version: '2.45.0', revision: '5017cb8e7ca8e37638dc3091b2440b90a1d8686f', time: '2015-02-27 09:10:26'
System info: host: 'Natalya', ip: '192.168.1.10', os.name: 'Windows 8.1', os.arch: 'amd64', os.version: '6.3', java.version: '1.8.0_40'
Driver info: driver.version: HtmlUnitDriver
	at org.openqa.selenium.htmlunit.HtmlUnitDriver.get(HtmlUnitDriver.java:477)
	at galetaGroup.LoginTest.Test1(LoginTest.java:19)
	at sun.reflect.NativeMethodAccessorImpl.invoke0(Native Method)
	at sun.reflect.NativeMethodAccessorImpl.invoke(Unknown Source)
	at sun.reflect.DelegatingMethodAccessorImpl.invoke(Unknown Source)
	at java.lang.reflect.Method.invoke(Unknown Source)
	at org.testng.internal.MethodInvocationHelper.invokeMethod(MethodInvocationHelper.java:84)
	at org.testng.internal.Invoker.invokeMethod(Invoker.java:714)
	at org.testng.internal.Invoker.invokeTestMethod(Invoker.java:901)
	at org.testng.internal.Invoker.invokeTestMethods(Invoker.java:1231)
	at org.testng.internal.TestMethodWorker.invokeTestMethods(TestMethodWorker.java:127)
	at org.testng.internal.TestMethodWorker.run(TestMethodWorker.java:111)
	at org.testng.TestRunner.privateRun(TestRunner.java:767)
	at org.testng.TestRunner.run(TestRunner.java:617)
	at org.testng.SuiteRunner.runTest(SuiteRunner.java:334)
	at org.testng.SuiteRunner.runSequentially(SuiteRunner.java:329)
	at org.testng.SuiteRunner.privateRun(SuiteRunner.java:291)
	at org.testng.SuiteRunner.run(SuiteRunner.java:240)
	at org.testng.SuiteRunnerWorker.runSuite(SuiteRunnerWorker.java:52)
	at org.testng.SuiteRunnerWorker.run(SuiteRunnerWorker.java:86)
	at org.testng.TestNG.runSuitesSequentially(TestNG.java:1224)
	at org.testng.TestNG.runSuitesLocally(TestNG.java:1149)
	at org.testng.TestNG.run(TestNG.java:1057)
	at org.testng.remote.RemoteTestNG.run(RemoteTestNG.java:111)
	at org.testng.remote.RemoteTestNG.initAndRun(RemoteTestNG.java:204)
	at org.testng.remote.RemoteTestNG.main(RemoteTestNG.java:175)
Caused by: java.net.MalformedURLException: no protocol: ${site.url}/php4dvd/
	at java.net.URL.<init>(Unknown Source)
	at java.net.URL.<init>(Unknown Source)
	at java.net.URL.<init>(Unknown Source)
	at org.openqa.selenium.htmlunit.HtmlUnitDriver.get(HtmlUnitDriver.java:475)
	... 25 more
]]>
    </failure>
  </testcase> <!-- Test1 -->
</testsuite> <!-- galetaGroup.LoginTest -->
