<?xml version="1.0" encoding="UTF-8"?>
<!-- Generated by org.testng.reporters.JUnitReportReporter -->
<testsuite hostname="Natalya" name="galetaGroup.LoginTest" tests="1" failures="0" timestamp="16 Apr 2015 16:51:22 GMT" time="2.324" errors="0">
  <testcase name="Test1" time="2.324" classname="galetaGroup.LoginTest"/>
</testsuite> <!-- galetaGroup.LoginTest -->
