<?xml version="1.0" encoding="UTF-8"?>
<!-- Generated by org.testng.reporters.JUnitReportReporter -->
<testsuite hostname="Natalya" name="galetaGroup.addMovieTest" tests="1" failures="0" timestamp="16 Apr 2015 16:51:22 GMT" time="4.305" errors="0">
  <testcase name="Test2" time="4.305" classname="galetaGroup.addMovieTest"/>
</testsuite> <!-- galetaGroup.addMovieTest -->
