<?xml version="1.0" encoding="UTF-8"?>
<!-- Generated by org.testng.reporters.JUnitReportReporter -->
<testsuite hostname="Natalya" name="galetaGroup.LoginTest" tests="1" failures="0" timestamp="16 Apr 2015 10:19:40 GMT" time="0.749" errors="0">
  <testcase name="Test1" time="0.749" classname="galetaGroup.LoginTest"/>
</testsuite> <!-- galetaGroup.LoginTest -->
